0 info it worked if it ends with ok
1 verbose cli [ 'D:\\nodejs\\\\node.exe',
1 verbose cli   'D:\\nodejs\\node_modules\\npm\\bin\\npm-cli.js',
1 verbose cli   'install',
1 verbose cli   '-g',
1 verbose cli   'mongo-express' ]
2 info using npm@2.5.1
3 info using node@v0.12.0
4 verbose node symlink D:\nodejs\\node.exe
5 silly cache add args [ 'mongo-express', null ]
6 verbose cache add spec mongo-express
7 silly cache add parsed spec { raw: 'mongo-express',
7 silly cache add   scope: null,
7 silly cache add   name: 'mongo-express',
7 silly cache add   rawSpec: '',
7 silly cache add   spec: '*',
7 silly cache add   type: 'range' }
8 verbose addNamed mongo-express@*
9 silly addNamed semver.valid null
10 silly addNamed semver.validRange *
11 silly addNameRange { name: 'mongo-express', range: '*', hasData: false }
12 silly mapToRegistry name mongo-express
13 silly mapToRegistry using default registry
14 silly mapToRegistry registry http://registry.npmjs.vitecho.com/
15 silly mapToRegistry uri http://registry.npmjs.vitecho.com/mongo-express
16 verbose addNameRange registry:http://registry.npmjs.vitecho.com/mongo-express not in flight; fetching
17 verbose request uri http://registry.npmjs.vitecho.com/mongo-express
18 verbose request no auth needed
19 info attempt registry request try #1 at 14:33:09
20 verbose request id c88640551c73da6d
21 http request GET http://registry.npmjs.vitecho.com/mongo-express
22 info retry will retry, error on last attempt: Error: connect ETIMEDOUT
23 info attempt registry request try #2 at 14:33:40
24 http request GET http://registry.npmjs.vitecho.com/mongo-express
25 info retry will retry, error on last attempt: Error: connect ETIMEDOUT
26 info attempt registry request try #3 at 14:35:01
27 http request GET http://registry.npmjs.vitecho.com/mongo-express
28 verbose stack Error: connect ETIMEDOUT
28 verbose stack     at exports._errnoException (util.js:746:11)
28 verbose stack     at TCPConnectWrap.afterConnect [as oncomplete] (net.js:983:19)
29 verbose cwd F:\projects\spa-blog
30 error Windows_NT 6.1.7601
31 error argv "D:\\nodejs\\\\node.exe" "D:\\nodejs\\node_modules\\npm\\bin\\npm-cli.js" "install" "-g" "mongo-express"
32 error node v0.12.0
33 error npm  v2.5.1
34 error code ETIMEDOUT
35 error errno ETIMEDOUT
36 error syscall connect
37 error network connect ETIMEDOUT
37 error network This is most likely not a problem with npm itself
37 error network and is related to network connectivity.
37 error network In most cases you are behind a proxy or have bad network settings.
37 error network
37 error network If you are behind a proxy, please make sure that the
37 error network 'proxy' config is set properly.  See: 'npm help config'
38 verbose exit [ 1, true ]
